Ultragol1/app/build/intermediates/manifest_merge_blame_file/debug/manifest-merger-blame-debug-report.txt
1<?xml version="1.0" encoding="utf-8"?>
2<manifest xmlns:android="http://schemas.android.com/apk/res/android"
3    package="com.ultragol1.app"
4    android:versionCode="6"
5    android:versionName="1.2" >
6
7    <uses-sdk
8        android:minSdkVersion="21"
9        android:targetSdkVersion="33" />
10
11    <uses-permission android:name="android.permission.INTERNET" />
11-->src/main/AndroidManifest.xml:4:5-67
11-->src/main/AndroidManifest.xml:4:22-64
12    <uses-permission android:name="android.permission.ACCESS_NETWORK_STATE" />
12-->src/main/AndroidManifest.xml:5:5-79
12-->src/main/AndroidManifest.xml:5:22-76
13    <uses-permission android:name="android.permission.REQUEST_INSTALL_PACKAGES" />
13-->src/main/AndroidManifest.xml:6:5-83
13-->src/main/AndroidManifest.xml:6:22-80
14    <uses-permission android:name="android.permission.POST_NOTIFICATIONS" />
14-->src/main/AndroidManifest.xml:7:5-77
14-->src/main/AndroidManifest.xml:7:22-74
15    <uses-permission
15-->src/main/AndroidManifest.xml:8:5-108
16        android:name="android.permission.WRITE_EXTERNAL_STORAGE"
16-->src/main/AndroidManifest.xml:8:22-78
17        android:maxSdkVersion="28" />
17-->src/main/AndroidManifest.xml:8:79-105
18    <uses-permission
18-->src/main/AndroidManifest.xml:9:5-107
19        android:name="android.permission.READ_EXTERNAL_STORAGE"
19-->src/main/AndroidManifest.xml:9:22-77
20        android:maxSdkVersion="32" />
20-->src/main/AndroidManifest.xml:9:78-104
21
22    <uses-feature
22-->src/main/AndroidManifest.xml:11:5-87
23        android:name="android.software.leanback"
23-->src/main/AndroidManifest.xml:11:19-59
24        android:required="false" />
24-->src/main/AndroidManifest.xml:11:60-84
25    <uses-feature
25-->src/main/AndroidManifest.xml:12:5-90
26        android:name="android.hardware.touchscreen"
26-->src/main/AndroidManifest.xml:12:19-62
27        android:required="false" />
27-->src/main/AndroidManifest.xml:12:63-87
28
29    <permission
29-->[androidx.core:core:1.10.1] AndroidManifest.xml:22:5-24:47
30        android:name="com.ultragol1.app.DYNAMIC_RECEIVER_NOT_EXPORTED_PERMISSION"
30-->[androidx.core:core:1.10.1] AndroidManifest.xml:23:9-81
31        android:protectionLevel="signature" />
31-->[androidx.core:core:1.10.1] AndroidManifest.xml:24:9-44
32
33    <uses-permission android:name="com.ultragol1.app.DYNAMIC_RECEIVER_NOT_EXPORTED_PERMISSION" />
33-->[androidx.core:core:1.10.1] AndroidManifest.xml:26:5-97
33-->[androidx.core:core:1.10.1] AndroidManifest.xml:26:22-94
34
35    <application
35-->src/main/AndroidManifest.xml:14:5-69:19
36        android:name="com.ultragol.app.UltragolApp"
36-->src/main/AndroidManifest.xml:15:9-36
37        android:allowBackup="true"
37-->src/main/AndroidManifest.xml:16:9-35
38        android:appComponentFactory="androidx.core.app.CoreComponentFactory"
38-->[androidx.core:core:1.10.1] AndroidManifest.xml:28:18-86
39        android:debuggable="true"
40        android:extractNativeLibs="true"
41        android:icon="@mipmap/ic_launcher"
41-->src/main/AndroidManifest.xml:17:9-43
42        android:label="@string/app_name"
42-->src/main/AndroidManifest.xml:18:9-41
43        android:roundIcon="@mipmap/ic_launcher_round"
43-->src/main/AndroidManifest.xml:19:9-54
44        android:supportsRtl="true"
44-->src/main/AndroidManifest.xml:20:9-35
45        android:theme="@style/Theme.Ultragol"
45-->src/main/AndroidManifest.xml:21:9-46
46        android:usesCleartextTraffic="true" >
46-->src/main/AndroidManifest.xml:22:9-44
47        <activity
47-->src/main/AndroidManifest.xml:24:9-31:20
48            android:name="com.ultragol.app.SplashActivity"
48-->src/main/AndroidManifest.xml:24:19-49
49            android:exported="true"
49-->src/main/AndroidManifest.xml:24:50-73
50            android:screenOrientation="portrait"
50-->src/main/AndroidManifest.xml:25:13-49
51            android:theme="@style/Theme.Ultragol.Splash" >
51-->src/main/AndroidManifest.xml:25:50-94
52            <intent-filter>
52-->src/main/AndroidManifest.xml:26:13-30:29
53                <action android:name="android.intent.action.MAIN" />
53-->src/main/AndroidManifest.xml:27:17-69
53-->src/main/AndroidManifest.xml:27:25-66
54
55                <category android:name="android.intent.category.LAUNCHER" />
55-->src/main/AndroidManifest.xml:28:17-77
55-->src/main/AndroidManifest.xml:28:27-74
56                <category android:name="android.intent.category.LEANBACK_LAUNCHER" />
56-->src/main/AndroidManifest.xml:29:17-86
56-->src/main/AndroidManifest.xml:29:27-83
57            </intent-filter>
58        </activity>
59        <activity
59-->src/main/AndroidManifest.xml:33:9-34:95
60            android:name="com.ultragol.app.MainActivity"
60-->src/main/AndroidManifest.xml:33:19-47
61            android:exported="false"
61-->src/main/AndroidManifest.xml:33:48-72
62            android:screenOrientation="portrait"
62-->src/main/AndroidManifest.xml:34:13-49
63            android:windowSoftInputMode="adjustResize" />
63-->src/main/AndroidManifest.xml:34:50-92
64        <activity
64-->src/main/AndroidManifest.xml:36:9-38:57
65            android:name="com.ultragol.app.ProfileSelectorActivity"
65-->src/main/AndroidManifest.xml:36:19-58
66            android:exported="false"
66-->src/main/AndroidManifest.xml:36:59-83
67            android:screenOrientation="portrait"
67-->src/main/AndroidManifest.xml:37:13-49
68            android:theme="@style/Theme.Ultragol"
68-->src/main/AndroidManifest.xml:37:50-87
69            android:windowSoftInputMode="adjustResize" />
69-->src/main/AndroidManifest.xml:38:13-55
70        <activity
70-->src/main/AndroidManifest.xml:40:9-41:108
71            android:name="com.ultragol.app.SearchActivity"
71-->src/main/AndroidManifest.xml:40:19-49
72            android:exported="false"
72-->src/main/AndroidManifest.xml:40:50-74
73            android:screenOrientation="portrait"
73-->src/main/AndroidManifest.xml:41:13-49
74            android:windowSoftInputMode="stateVisible|adjustResize" />
74-->src/main/AndroidManifest.xml:41:50-105
75        <activity
75-->src/main/AndroidManifest.xml:43:9-46:53
76            android:name="com.ultragol.app.PlayerActivity"
76-->src/main/AndroidManifest.xml:43:19-49
77            android:configChanges="orientation|screenSize|keyboardHidden"
77-->src/main/AndroidManifest.xml:45:13-74
78            android:exported="false"
78-->src/main/AndroidManifest.xml:43:50-74
79            android:hardwareAccelerated="true"
79-->src/main/AndroidManifest.xml:44:13-47
80            android:screenOrientation="sensor"
80-->src/main/AndroidManifest.xml:44:48-82
81            android:theme="@style/Theme.Ultragol" />
81-->src/main/AndroidManifest.xml:46:13-50
82        <activity
82-->src/main/AndroidManifest.xml:48:9-49:90
83            android:name="com.ultragol.app.DetailActivity"
83-->src/main/AndroidManifest.xml:48:19-49
84            android:exported="false"
84-->src/main/AndroidManifest.xml:48:50-74
85            android:screenOrientation="portrait"
85-->src/main/AndroidManifest.xml:49:13-49
86            android:theme="@style/Theme.Ultragol" />
86-->src/main/AndroidManifest.xml:49:50-87
87
88        <!-- Continue Watching Widget -->
89        <receiver
89-->src/main/AndroidManifest.xml:52:9-61:20
90            android:name="com.ultragol.app.ContinueWatchingWidget"
90-->src/main/AndroidManifest.xml:52:19-57
91            android:exported="true"
91-->src/main/AndroidManifest.xml:53:13-36
92            android:label="Continuar viendo" >
92-->src/main/AndroidManifest.xml:54:13-45
93            <intent-filter>
93-->src/main/AndroidManifest.xml:55:13-57:29
94                <action android:name="android.appwidget.action.APPWIDGET_UPDATE" />
94-->src/main/AndroidManifest.xml:56:17-83
94-->src/main/AndroidManifest.xml:56:25-81
95            </intent-filter>
96
97            <meta-data
97-->src/main/AndroidManifest.xml:58:13-60:72
98                android:name="android.appwidget.provider"
98-->src/main/AndroidManifest.xml:59:17-58
99                android:resource="@xml/continue_watching_widget_info" />
99-->src/main/AndroidManifest.xml:60:17-70
100        </receiver>
101
102        <provider
103            android:name="androidx.core.content.FileProvider"
103-->src/main/AndroidManifest.xml:63:19-68
104            android:authorities="com.ultragol1.app.fileprovider"
104-->src/main/AndroidManifest.xml:64:13-64
105            android:exported="false"
105-->src/main/AndroidManifest.xml:65:13-37
106            android:grantUriPermissions="true" >
106-->src/main/AndroidManifest.xml:65:38-72
107            <meta-data
107-->src/main/AndroidManifest.xml:66:13-67:54
108                android:name="android.support.FILE_PROVIDER_PATHS"
108-->src/main/AndroidManifest.xml:66:24-74
109                android:resource="@xml/file_paths" />
109-->src/main/AndroidManifest.xml:67:17-51
110        </provider>
111        <provider
111-->[androidx.emoji2:emoji2:1.2.0] AndroidManifest.xml:24:9-32:20
112            android:name="androidx.startup.InitializationProvider"
112-->[androidx.emoji2:emoji2:1.2.0] AndroidManifest.xml:25:13-67
113            android:authorities="com.ultragol1.app.androidx-startup"
113-->[androidx.emoji2:emoji2:1.2.0] AndroidManifest.xml:26:13-68
114            android:exported="false" >
114-->[androidx.emoji2:emoji2:1.2.0] AndroidManifest.xml:27:13-37
115            <meta-data
115-->[androidx.emoji2:emoji2:1.2.0] AndroidManifest.xml:29:13-31:52
116                android:name="androidx.emoji2.text.EmojiCompatInitializer"
116-->[androidx.emoji2:emoji2:1.2.0] AndroidManifest.xml:30:17-75
117                android:value="androidx.startup" />
117-->[androidx.emoji2:emoji2:1.2.0] AndroidManifest.xml:31:17-49
118            <meta-data
118-->[androidx.lifecycle:lifecycle-process:2.6.1] AndroidManifest.xml:29:13-31:52
119                android:name="androidx.lifecycle.ProcessLifecycleInitializer"
119-->[androidx.lifecycle:lifecycle-process:2.6.1] AndroidManifest.xml:30:17-78
120                android:value="androidx.startup" />
120-->[androidx.lifecycle:lifecycle-process:2.6.1] AndroidManifest.xml:31:17-49
121            <meta-data
121-->[androidx.profileinstaller:profileinstaller:1.3.0] AndroidManifest.xml:29:13-31:52
122                android:name="androidx.profileinstaller.ProfileInstallerInitializer"
122-->[androidx.profileinstaller:profileinstaller:1.3.0] AndroidManifest.xml:30:17-85
123                android:value="androidx.startup" />
123-->[androidx.profileinstaller:profileinstaller:1.3.0] AndroidManifest.xml:31:17-49
124        </provider>
125
126        <receiver
126-->[androidx.profileinstaller:profileinstaller:1.3.0] AndroidManifest.xml:34:9-52:20
127            android:name="androidx.profileinstaller.ProfileInstallReceiver"
127-->[androidx.profileinstaller:profileinstaller:1.3.0] AndroidManifest.xml:35:13-76
128            android:directBootAware="false"
128-->[androidx.profileinstaller:profileinstaller:1.3.0] AndroidManifest.xml:36:13-44
129            android:enabled="true"
129-->[androidx.profileinstaller:profileinstaller:1.3.0] AndroidManifest.xml:37:13-35
130            android:exported="true"
130-->[androidx.profileinstaller:profileinstaller:1.3.0] AndroidManifest.xml:38:13-36
131            android:permission="android.permission.DUMP" >
131-->[androidx.profileinstaller:profileinstaller:1.3.0] AndroidManifest.xml:39:13-57
132            <intent-filter>
132-->[androidx.profileinstaller:profileinstaller:1.3.0] AndroidManifest.xml:40:13-42:29
133                <action android:name="androidx.profileinstaller.action.INSTALL_PROFILE" />
133-->[androidx.profileinstaller:profileinstaller:1.3.0] AndroidManifest.xml:41:17-91
133-->[androidx.profileinstaller:profileinstaller:1.3.0] AndroidManifest.xml:41:25-88
134            </intent-filter>
135            <intent-filter>
135-->[androidx.profileinstaller:profileinstaller:1.3.0] AndroidManifest.xml:43:13-45:29
136                <action android:name="androidx.profileinstaller.action.SKIP_FILE" />
136-->[androidx.profileinstaller:profileinstaller:1.3.0] AndroidManifest.xml:44:17-85
136-->[androidx.profileinstaller:profileinstaller:1.3.0] AndroidManifest.xml:44:25-82
137            </intent-filter>
138            <intent-filter>
138-->[androidx.profileinstaller:profileinstaller:1.3.0] AndroidManifest.xml:46:13-48:29
139                <action android:name="androidx.profileinstaller.action.SAVE_PROFILE" />
139-->[androidx.profileinstaller:profileinstaller:1.3.0] AndroidManifest.xml:47:17-88
139-->[androidx.profileinstaller:profileinstaller:1.3.0] AndroidManifest.xml:47:25-85
140            </intent-filter>
141            <intent-filter>
141-->[androidx.profileinstaller:profileinstaller:1.3.0] AndroidManifest.xml:49:13-51:29
142                <action android:name="androidx.profileinstaller.action.BENCHMARK_OPERATION" />
142-->[androidx.profileinstaller:profileinstaller:1.3.0] AndroidManifest.xml:50:17-95
142-->[androidx.profileinstaller:profileinstaller:1.3.0] AndroidManifest.xml:50:25-92
143            </intent-filter>
144        </receiver>
145    </application>
146
147</manifest>